<?xml version="1.0" encoding="UTF-8"?>
<testng-results skipped="0" failed="0" ignored="0" total="2" passed="2">
  <reporter-output>
  </reporter-output>
  <suite name="Default suite" duration-ms="27979" started-at="2018-10-16T07:06:23Z" finished-at="2018-10-16T07:06:51Z">
    <groups>
      <group name="cucumber">
        <method signature="TestRunner.feature(cucumber.api.testng.CucumberFeatureWrapper)[pri:0, instance:MyRunner.TestRunner@3fee9989]" name="feature" class="MyRunner.TestRunner"/>
      </group> <!-- cucumber -->
    </groups>
    <test name="Default test" duration-ms="27979" started-at="2018-10-16T07:06:23Z" finished-at="2018-10-16T07:06:51Z">
      <class name="MyRunner.TestRunner">
        <test-method status="PASS" signature="setUpClass()[pri:0, instance:MyRunner.TestRunner@3fee9989]" name="setUpClass" is-config="true" duration-ms="128" started-at="2018-10-16T07:06:23Z" finished-at="2018-10-16T07:06:23Z">
          <reporter-output>
          </reporter-output>
        </test-method> <!-- setUpClass -->
        <test-method status="PASS" signature="feature(cucumber.api.testng.CucumberFeatureWrapper)[pri:0, instance:MyRunner.TestRunner@3fee9989]" name="feature" duration-ms="13603" started-at="2018-10-16T07:06:23Z" description="Runs Cucumber Feature" data-provider="features" finished-at="2018-10-16T07:06:37Z">
          <params>
            <param index="0">
              <value>
                <![CDATA[CRM Login Feature Uisng Example keyword]]>
              </value>
            </param>
          </params>
          <reporter-output>
          </reporter-output>
        </test-method> <!-- feature -->
        <test-method status="PASS" signature="feature(cucumber.api.testng.CucumberFeatureWrapper)[pri:0, instance:MyRunner.TestRunner@3fee9989]" name="feature" duration-ms="14175" started-at="2018-10-16T07:06:37Z" description="Runs Cucumber Feature" data-provider="features" finished-at="2018-10-16T07:06:51Z">
          <params>
            <param index="0">
              <value>
                <![CDATA[CRM Login Feature Using DataTable]]>
              </value>
            </param>
          </params>
          <reporter-output>
          </reporter-output>
        </test-method> <!-- feature -->
        <test-method status="PASS" signature="tearDownClass()[pri:0, instance:MyRunner.TestRunner@3fee9989]" name="tearDownClass" is-config="true" duration-ms="10" started-at="2018-10-16T07:06:51Z" finished-at="2018-10-16T07:06:51Z">
          <reporter-output>
          </reporter-output>
        </test-method> <!-- tearDownClass -->
      </class> <!-- MyRunner.TestRunner -->
    </test> <!-- Default test -->
  </suite> <!-- Default suite -->
</testng-results>
